1758441728 IN: uci
1758441728 OUT: id name Cody
1758441728 OUT: id author Strong Noodle
1758441728 OUT: option name Threads type spin default 1 min 1 max 22
1758441728 OUT: option name Verbose type check default false
1758441728 OUT: uciok
1758441728 IN: isready
1758441728 OUT: readyok
1758441728 IN: ucinewgame
1758441728 IN: position startfen rnb1kbnr/pppp1ppp/8/4p3/8/8/PPPPPPPP/RNBQKBNR w KQkq - 0 1
1758441728 IN: go depth 1
1758441728 OUT: info depth 1 score cp 10 nodes 20 time 0 nps 0
1758441728 OUT: bestmove b2b4
1758446622 IN: uci
1758446622 OUT: id name Cody
1758446622 OUT: id author Strong Noodle
1758446622 OUT: option name Threads type spin default 1 min 1 max 16
1758446622 OUT: option name Verbose type check default false
1758446622 OUT: uciok
1758446647 IN: isready
1758446647 OUT: readyok
1758446654 IN: position startpos
1758446661 IN: go depth 4
1758446661 OUT: info depth 1 score cp 10 nodes 20 time 0 nps 0
1758446661 OUT: info depth 2 score cp 0 nodes 440 time 0 nps 0
1758446661 OUT: info depth 3 score cp 10 nodes 3888 time 5 nps 777600
1758446661 OUT: info depth 4 score cp 0 nodes 38634 time 36 nps 1073166
1758446661 OUT: bestmove b1c3
1758446757 IN: quit
