
[2026-02-09 21:20:10] ######################################################################
[2026-02-09 21:20:10] # ORCHESTRATOR RUN #1
[2026-02-09 21:20:10] # Phase: REFACTORING
[2026-02-09 21:20:10] ######################################################################

[2026-02-09 21:20:10] 🔧 Preparing workspace...

[2026-02-09 21:20:10] ======================================================================
[2026-02-09 21:20:10] REFACTORING PHASE
[2026-02-09 21:20:10] ======================================================================

[2026-02-09 21:20:10] Analyzing refactoring opportunities...
[2026-02-09 21:32:26] Found 0 refactoring opportunities

[2026-02-09 21:32:26] ✅ Refactoring phase complete, moving to performance...

[2026-02-09 21:32:26] ######################################################################
[2026-02-09 21:32:26] # ORCHESTRATOR RUN #3
[2026-02-09 21:32:26] # Phase: CLIPPY
[2026-02-09 21:32:26] ######################################################################

[2026-02-09 21:32:26] 🔧 Preparing workspace...

[2026-02-09 21:32:26] ======================================================================
[2026-02-09 21:32:26] CLIPPY WARNINGS PHASE
[2026-02-09 21:32:26] ======================================================================

[2026-02-09 21:32:26] Analyzing clippy warnings and performance lints...
[2026-02-09 21:43:43] Found 0 clippy opportunities

[2026-02-09 21:43:43] 📝 Working on: CLIP-001 - Avoid long literals lacking separators
[2026-02-09 21:43:43] ℹ️ Task completed but no code changes made (TODO-only): CLIP-001

[2026-02-09 21:43:43] ======================================================================
[2026-02-09 21:43:43] CLIPPY WARNINGS PHASE
[2026-02-09 21:43:43] ======================================================================

[2026-02-09 21:43:43] 📝 Working on: CLIP-002 - Use underscores in numeric literals for readability
[2026-02-09 21:43:43] ❌ Failed: CLIP-002
